app/build/outputs/logs/manifest-merger-debug-report.txt
-- Merging decision tree log ---
manifest
ADDED from src\main\AndroidManifest.xml:2:1-47:12
INJECTED from src\main\AndroidManifest.xml:2:1-47:12
INJECTED from src\main\AndroidManifest.xml:2:1-47:12
INJECTED from src\main\AndroidManifest.xml:2:1-47:12
MERGED from [com.google.android.gms:play-services:10.2.1] AndroidManifest.xml:2:1-6:12
MERGED from [com.android.support:design:26.1.0] AndroidManifest.xml:17:1-31:12
MERGED from [com.google.android.gms:play-services-cast-framework:10.2.1] AndroidManifest.xml:2:1-9:12
MERGED from [com.google.android.gms:play-services-cast:10.2.1] AndroidManifest.xml:16:1-19:12
MERGED from [com.android.support:mediarouter-v7:24.0.0] AndroidManifest.xml:17:1-24:12
MERGED from [com.android.support:appcompat-v7:26.1.0] AndroidManifest.xml:17:1-31:12
MERGED from [com.android.support.constraint:constraint-layout:1.1.0] AndroidManifest.xml:2:1-11:12
MERGED from [com.google.android.gms:play-services-ads:10.2.1] AndroidManifest.xml:16:1-18:12
MERGED from [com.google.android.gms:play-services-ads-lite:10.2.1] AndroidManifest.xml:16:1-28:12
MERGED from [com.google.android.gms:play-services-analytics:10.2.1] AndroidManifest.xml:16:1-27:12
MERGED from [com.google.android.gms:play-services-tagmanager:10.2.1] AndroidManifest.xml:16:1-18:12
MERGED from [com.google.android.gms:play-services-tagmanager-v4-impl:10.2.1] AndroidManifest.xml:16:1-20:12
MERGED from [com.google.android.gms:play-services-analytics-impl:10.2.1] AndroidManifest.xml:16:1-27:12
MERGED from [com.google.android.gms:play-services-appinvite:10.2.1] AndroidManifest.xml:16:1-27:12
MERGED from [com.google.android.gms:play-services-auth:10.2.1] AndroidManifest.xml:16:1-26:12
MERGED from [com.google.android.gms:play-services-auth-base:10.2.1] AndroidManifest.xml:2:1-5:12
MERGED from [com.google.android.gms:play-services-clearcut:10.2.1] AndroidManifest.xml:16:1-19:12
MERGED from [com.google.firebase:firebase-config:10.2.1] AndroidManifest.xml:16:1-19:12
MERGED from [com.google.android.gms:play-services-awareness:10.2.1] AndroidManifest.xml:16:1-19:12
MERGED from [com.google.android.gms:play-services-games:10.2.1] AndroidManifest.xml:16:1-19:12
MERGED from [com.google.android.gms:play-services-drive:10.2.1] AndroidManifest.xml:16:1-19:12
MERGED from [com.google.firebase:firebase-auth:10.2.1] AndroidManifest.xml:16:1-21:12
MERGED from [com.google.android.gms:play-services-fitness:10.2.1] AndroidManifest.xml:16:1-19:12
MERGED from [com.google.android.gms:play-services-gcm:10.2.1] AndroidManifest.xml:16:1-24:12
MERGED from [com.google.firebase:firebase-appindexing:10.2.1] AndroidManifest.xml:16:1-19:12
MERGED from [com.google.android.gms:play-services-wallet:10.2.1] AndroidManifest.xml:16:1-20:12
MERGED from [com.google.android.gms:play-services-identity:10.2.1] AndroidManifest.xml:16:1-19:12
MERGED from [com.google.android.gms:play-services-iid:10.2.1] AndroidManifest.xml:16:1-24:12
MERGED from [com.google.android.gms:play-services-instantapps:10.2.1] AndroidManifest.xml:2:1-4:12
MERGED from [com.google.android.gms:play-services-location:10.2.1] AndroidManifest.xml:2:1-5:12
MERGED from [com.google.android.gms:play-services-places:10.2.1] AndroidManifest.xml:16:1-19:12
MERGED from [com.google.android.gms:play-services-maps:10.2.1] AndroidManifest.xml:16:1-25:12
MERGED from [com.google.android.gms:play-services-nearby:10.2.1] AndroidManifest.xml:2:1-6:12
MERGED from [com.google.android.gms:play-services-panorama:10.2.1] AndroidManifest.xml:16:1-19:12
MERGED from [com.google.android.gms:play-services-plus:10.2.1] AndroidManifest.xml:16:1-19:12
MERGED from [com.google.android.gms:play-services-safetynet:10.2.1] AndroidManifest.xml:16:1-19:12
MERGED from [com.google.android.gms:play-services-vision:10.2.1] AndroidManifest.xml:2:1-5:12
MERGED from [com.google.android.gms:play-services-wearable:10.2.1] AndroidManifest.xml:16:1-19:12
MERGED from [com.google.android.gms:play-services-base:10.2.1] AndroidManifest.xml:16:1-21:12
MERGED from [com.google.firebase:firebase-crash:10.2.1] AndroidManifest.xml:16:1-25:12
MERGED from [com.google.firebase:firebase-database:10.2.1] AndroidManifest.xml:2:1-4:12
MERGED from [com.google.firebase:firebase-database-connection:10.2.1] AndroidManifest.xml:2:1-4:12
MERGED from [com.google.firebase:firebase-messaging:10.2.1] AndroidManifest.xml:16:1-30:12
MERGED from [com.google.android.gms:play-services-tagmanager-api:10.2.1] AndroidManifest.xml:16:1-34:12
MERGED from [com.google.firebase:firebase-analytics:10.2.1] AndroidManifest.xml:16:1-34:12
MERGED from [com.google.firebase:firebase-analytics-impl:10.2.1] AndroidManifest.xml:16:1-29:12
MERGED from [com.google.firebase:firebase-iid:10.2.1] AndroidManifest.xml:16:1-50:12
MERGED from [com.google.firebase:firebase-storage:10.2.1] AndroidManifest.xml:2:1-4:12
MERGED from [com.google.firebase:firebase-storage-common:10.2.1] AndroidManifest.xml:2:1-4:12
MERGED from [com.google.firebase:firebase-common:10.2.1] AndroidManifest.xml:2:1-8:12
MERGED from [com.google.android.gms:play-services-gass:10.2.1] AndroidManifest.xml:2:1-5:12
MERGED from [com.google.android.gms:play-services-tasks:10.2.1] AndroidManifest.xml:2:1-5:12
MERGED from [com.google.android.gms:play-services-basement:10.2.1] AndroidManifest.xml:16:1-23:12
MERGED from [com.android.support:recyclerview-v7:26.1.0] AndroidManifest.xml:17:1-28:12
MERGED from [com.android.support:transition:26.1.0] AndroidManifest.xml:17:1-28:12
MERGED from [com.android.support:palette-v7:24.0.0] AndroidManifest.xml:17:1-25:12
MERGED from [com.android.support:support-v4:26.1.0] AndroidManifest.xml:17:1-31:12
MERGED from [com.android.support:support-fragment:26.1.0] AndroidManifest.xml:17:1-31:12
MERGED from [com.android.support:animated-vector-drawable:26.1.0] AndroidManifest.xml:17:1-28:12
MERGED from [com.android.support:support-core-ui:26.1.0] AndroidManifest.xml:17:1-31:12
MERGED from [com.android.support:support-media-compat:26.1.0] AndroidManifest.xml:17:1-31:12
MERGED from [com.android.support:support-core-utils:26.1.0] AndroidManifest.xml:17:1-31:12
MERGED from [com.android.support:support-vector-drawable:26.1.0] AndroidManifest.xml:17:1-28:12
MERGED from [com.android.support:support-compat:26.1.0] AndroidManifest.xml:17:1-31:12
MERGED from [android.arch.lifecycle:runtime:1.0.0] AndroidManifest.xml:17:1-30:12
INJECTED from src\main\AndroidManifest.xml:2:1-47:12
INJECTED from src\main\AndroidManifest.xml:2:1-47:12
INJECTED from src\main\AndroidManifest.xml:2:1-47:12
	package
		ADDED from src\main\AndroidManifest.xml:3:5-38
		INJECTED from src\main\AndroidManifest.xml
		INJECTED from src\main\AndroidManifest.xml
	android:versionName
		INJECTED from src\main\AndroidManifest.xml
		ADDED from src\main\AndroidManifest.xml:2:1-47:12
		INJECTED from src\main\AndroidManifest.xml
	android:versionCode
		INJECTED from src\main\AndroidManifest.xml
		ADDED from src\main\AndroidManifest.xml:2:1-47:12
		INJECTED from src\main\AndroidManifest.xml
	xmlns:android
		ADDED from src\main\AndroidManifest.xml:2:11-69
uses-permission#android.permission.ACCESS_FINE_LOCATION
ADDED from src\main\AndroidManifest.xml:5:5-79
	android:name
		ADDED from src\main\AndroidManifest.xml:5:22-76
application
ADDED from src\main\AndroidManifest.xml:7:5-45:19
MERGED from [com.google.android.gms:play-services:10.2.1] AndroidManifest.xml:5:5-20
MERGED from [com.google.android.gms:play-services:10.2.1] AndroidManifest.xml:5:5-20
MERGED from [com.android.support:design:26.1.0] AndroidManifest.xml:25:5-29:19
MERGED from [com.android.support:design:26.1.0] AndroidManifest.xml:25:5-29:19
MERGED from [com.google.android.gms:play-services-cast-framework:10.2.1] AndroidManifest.xml:4:5-8:19
MERGED from [com.google.android.gms:play-services-cast-framework:10.2.1] AndroidManifest.xml:4:5-8:19
MERGED from [com.google.android.gms:play-services-cast:10.2.1] AndroidManifest.xml:18:5-19
MERGED from [com.google.android.gms:play-services-cast:10.2.1] AndroidManifest.xml:18:5-19
MERGED from [com.android.support:mediarouter-v7:24.0.0] AndroidManifest.xml:22:5-20
MERGED from [com.android.support:mediarouter-v7:24.0.0] AndroidManifest.xml:22:5-20
MERGED from [com.android.support:appcompat-v7:26.1.0] AndroidManifest.xml:25:5-29:19
MERGED from [com.android.support:appcompat-v7:26.1.0] AndroidManifest.xml:25:5-29:19
MERGED from [com.android.support.constraint:constraint-layout:1.1.0] AndroidManifest.xml:9:5-20
MERGED from [com.android.support.constraint:constraint-layout:1.1.0] AndroidManifest.xml:9:5-20
MERGED from [com.google.android.gms:play-services-ads-lite:10.2.1] AndroidManifest.xml:23:5-27:19
MERGED from [com.google.android.gms:play-services-ads-lite:10.2.1] AndroidManifest.xml:23:5-27:19
MERGED from [com.google.android.gms:play-services-analytics:10.2.1] AndroidManifest.xml:26:5-19
MERGED from [com.google.android.gms:play-services-analytics:10.2.1] AndroidManifest.xml:26:5-19
MERGED from [com.google.android.gms:play-services-tagmanager-v4-impl:10.2.1] AndroidManifest.xml:19:5-19
MERGED from [com.google.android.gms:play-services-tagmanager-v4-impl:10.2.1] AndroidManifest.xml:19:5-19
MERGED from [com.google.android.gms:play-services-analytics-impl:10.2.1] AndroidManifest.xml:26:5-19
MERGED from [com.google.android.gms:play-services-analytics-impl:10.2.1] AndroidManifest.xml:26:5-19
MERGED from [com.google.android.gms:play-services-appinvite:10.2.1] AndroidManifest.xml:19:5-26:19
MERGED from [com.google.android.gms:play-services-appinvite:10.2.1] AndroidManifest.xml:19:5-26:19
MERGED from [com.google.android.gms:play-services-auth:10.2.1] AndroidManifest.xml:19:5-25:19
MERGED from [com.google.android.gms:play-services-auth:10.2.1] AndroidManifest.xml:19:5-25:19
MERGED from [com.google.android.gms:play-services-clearcut:10.2.1] AndroidManifest.xml:18:5-19
MERGED from [com.google.android.gms:play-services-clearcut:10.2.1] AndroidManifest.xml:18:5-19
MERGED from [com.google.firebase:firebase-config:10.2.1] AndroidManifest.xml:18:5-19
MERGED from [com.google.firebase:firebase-config:10.2.1] AndroidManifest.xml:18:5-19
MERGED from [com.google.android.gms:play-services-awareness:10.2.1] AndroidManifest.xml:18:5-19
MERGED from [com.google.android.gms:play-services-awareness:10.2.1] AndroidManifest.xml:18:5-19
MERGED from [com.google.android.gms:play-services-games:10.2.1] AndroidManifest.xml:18:5-19
MERGED from [com.google.android.gms:play-services-games:10.2.1] AndroidManifest.xml:18:5-19
MERGED from [com.google.android.gms:play-services-drive:10.2.1] AndroidManifest.xml:18:5-19
MERGED from [com.google.android.gms:play-services-drive:10.2.1] AndroidManifest.xml:18:5-19
MERGED from [com.google.firebase:firebase-auth:10.2.1] AndroidManifest.xml:19:5-20:19
MERGED from [com.google.firebase:firebase-auth:10.2.1] AndroidManifest.xml:19:5-20:19
MERGED from [com.google.android.gms:play-services-fitness:10.2.1] AndroidManifest.xml:18:5-19
MERGED from [com.google.android.gms:play-services-fitness:10.2.1] AndroidManifest.xml:18:5-19
MERGED from [com.google.android.gms:play-services-gcm:10.2.1] AndroidManifest.xml:23:5-19
MERGED from [com.google.android.gms:play-services-gcm:10.2.1] AndroidManifest.xml:23:5-19
MERGED from [com.google.firebase:firebase-appindexing:10.2.1] AndroidManifest.xml:18:5-19
MERGED from [com.google.firebase:firebase-appindexing:10.2.1] AndroidManifest.xml:18:5-19
MERGED from [com.google.android.gms:play-services-identity:10.2.1] AndroidManifest.xml:18:5-19
MERGED from [com.google.android.gms:play-services-identity:10.2.1] AndroidManifest.xml:18:5-19
MERGED from [com.google.android.gms:play-services-iid:10.2.1] AndroidManifest.xml:23:5-19
MERGED from [com.google.android.gms:play-services-iid:10.2.1] AndroidManifest.xml:23:5-19
MERGED from [com.google.android.gms:play-services-location:10.2.1] AndroidManifest.xml:4:5-19
MERGED from [com.google.android.gms:play-services-location:10.2.1] AndroidManifest.xml:4:5-19
MERGED from [com.google.android.gms:play-services-places:10.2.1] AndroidManifest.xml:18:5-19
MERGED from [com.google.android.gms:play-services-places:10.2.1] AndroidManifest.xml:18:5-19
MERGED from [com.google.android.gms:play-services-maps:10.2.1] AndroidManifest.xml:24:5-19
MERGED from [com.google.android.gms:play-services-maps:10.2.1] AndroidManifest.xml:24:5-19
MERGED from [com.google.android.gms:play-services-nearby:10.2.1] AndroidManifest.xml:5:5-19
MERGED from [com.google.android.gms:play-services-nearby:10.2.1] AndroidManifest.xml:5:5-19
MERGED from [com.google.android.gms:play-services-panorama:10.2.1] AndroidManifest.xml:18:5-19
MERGED from [com.google.android.gms:play-services-panorama:10.2.1] AndroidManifest.xml:18:5-19
MERGED from [com.google.android.gms:play-services-plus:10.2.1] AndroidManifest.xml:18:5-19
MERGED from [com.google.android.gms:play-services-plus:10.2.1] AndroidManifest.xml:18:5-19
MERGED from [com.google.android.gms:play-services-safetynet:10.2.1] AndroidManifest.xml:18:5-19
MERGED from [com.google.android.gms:play-services-safetynet:10.2.1] AndroidManifest.xml:18:5-19
MERGED from [com.google.android.gms:play-services-vision:10.2.1] AndroidManifest.xml:4:5-19
MERGED from [com.google.android.gms:play-services-vision:10.2.1] AndroidManifest.xml:4:5-19
MERGED from [com.google.android.gms:play-services-wearable:10.2.1] AndroidManifest.xml:18:5-19
MERGED from [com.google.android.gms:play-services-wearable:10.2.1] AndroidManifest.xml:18:5-19
MERGED from [com.google.android.gms:play-services-base:10.2.1] AndroidManifest.xml:18:5-20:19
MERGED from [com.google.android.gms:play-services-base:10.2.1] AndroidManifest.xml:18:5-20:19
MERGED from [com.google.firebase:firebase-crash:10.2.1] AndroidManifest.xml:22:5-23:19
MERGED from [com.google.firebase:firebase-crash:10.2.1] AndroidManifest.xml:22:5-23:19
MERGED from [com.google.firebase:firebase-messaging:10.2.1] AndroidManifest.xml:19:5-29:19
MERGED from [com.google.firebase:firebase-messaging:10.2.1] AndroidManifest.xml:19:5-29:19
MERGED from [com.google.android.gms:play-services-tagmanager-api:10.2.1] AndroidManifest.xml:23:5-33:19
MERGED from [com.google.android.gms:play-services-tagmanager-api:10.2.1] AndroidManifest.xml:23:5-33:19
MERGED from [com.google.firebase:firebase-analytics:10.2.1] AndroidManifest.xml:24:5-33:19
MERGED from [com.google.firebase:firebase-analytics:10.2.1] AndroidManifest.xml:24:5-33:19
MERGED from [com.google.firebase:firebase-analytics-impl:10.2.1] AndroidManifest.xml:24:5-28:19
MERGED from [com.google.firebase:firebase-analytics-impl:10.2.1] AndroidManifest.xml:24:5-28:19
MERGED from [com.google.firebase:firebase-iid:10.2.1] AndroidManifest.xml:28:5-49:19
MERGED from [com.google.firebase:firebase-iid:10.2.1] AndroidManifest.xml:28:5-49:19
MERGED from [com.google.firebase:firebase-common:10.2.1] AndroidManifest.xml:4:5-7:19
MERGED from [com.google.firebase:firebase-common:10.2.1] AndroidManifest.xml:4:5-7:19
MERGED from [com.google.android.gms:play-services-gass:10.2.1] AndroidManifest.xml:4:5-19
MERGED from [com.google.android.gms:play-services-gass:10.2.1] AndroidManifest.xml:4:5-19
MERGED from [com.google.android.gms:play-services-tasks:10.2.1] AndroidManifest.xml:4:5-19
MERGED from [com.google.android.gms:play-services-tasks:10.2.1] AndroidManifest.xml:4:5-19
MERGED from [com.google.android.gms:play-services-basement:10.2.1] AndroidManifest.xml:19:5-21:19
MERGED from [com.google.android.gms:play-services-basement:10.2.1] AndroidManifest.xml:19:5-21:19
MERGED from [com.android.support:recyclerview-v7:26.1.0] AndroidManifest.xml:22:5-26:19
MERGED from [com.android.support:recyclerview-v7:26.1.0] AndroidManifest.xml:22:5-26:19
MERGED from [com.android.support:transition:26.1.0] AndroidManifest.xml:22:5-26:19
MERGED from [com.android.support:transition:26.1.0] AndroidManifest.xml:22:5-26:19
MERGED from [com.android.support:palette-v7:24.0.0] AndroidManifest.xml:22:5-23:19
MERGED from [com.android.support:palette-v7:24.0.0] AndroidManifest.xml:22:5-23:19
MERGED from [com.android.support:support-v4:26.1.0] AndroidManifest.xml:25:5-29:19
MERGED from [com.android.support:support-v4:26.1.0] AndroidManifest.xml:25:5-29:19
MERGED from [com.android.support:support-fragment:26.1.0] AndroidManifest.xml:25:5-29:19
MERGED from [com.android.support:support-fragment:26.1.0] AndroidManifest.xml:25:5-29:19
MERGED from [com.android.support:animated-vector-drawable:26.1.0] AndroidManifest.xml:22:5-26:19
MERGED from [com.android.support:animated-vector-drawable:26.1.0] AndroidManifest.xml:22:5-26:19
MERGED from [com.android.support:support-core-ui:26.1.0] AndroidManifest.xml:25:5-29:19
MERGED from [com.android.support:support-core-ui:26.1.0] AndroidManifest.xml:25:5-29:19
MERGED from [com.android.support:support-media-compat:26.1.0] AndroidManifest.xml:25:5-29:19
MERGED from [com.android.support:support-media-compat:26.1.0] AndroidManifest.xml:25:5-29:19
MERGED from [com.android.support:support-core-utils:26.1.0] AndroidManifest.xml:25:5-29:19
MERGED from [com.android.support:support-core-utils:26.1.0] AndroidManifest.xml:25:5-29:19
MERGED from [com.android.support:support-vector-drawable:26.1.0] AndroidManifest.xml:22:5-26:19
MERGED from [com.android.support:support-vector-drawable:26.1.0] AndroidManifest.xml:22:5-26:19
MERGED from [com.android.support:support-compat:26.1.0] AndroidManifest.xml:25:5-29:19
MERGED from [com.android.support:support-compat:26.1.0] AndroidManifest.xml:25:5-29:19
MERGED from [android.arch.lifecycle:runtime:1.0.0] AndroidManifest.xml:24:5-28:19
MERGED from [android.arch.lifecycle:runtime:1.0.0] AndroidManifest.xml:24:5-28:19
	android:supportsRtl
		ADDED from src\main\AndroidManifest.xml:12:9-35
	android:label
		ADDED from src\main\AndroidManifest.xml:10:9-41
	android:roundIcon
		ADDED from src\main\AndroidManifest.xml:11:9-54
	android:icon
		ADDED from src\main\AndroidManifest.xml:9:9-43
	android:allowBackup
		ADDED from src\main\AndroidManifest.xml:8:9-35
	android:theme
		ADDED from src\main\AndroidManifest.xml:13:9-40
activity#com.saskpolytech.cst142.LocationPointerActivity
ADDED from src\main\AndroidManifest.xml:14:9-24:20
	android:screenOrientation
		ADDED from src\main\AndroidManifest.xml:17:13-49
	android:label
		ADDED from src\main\AndroidManifest.xml:16:13-45
	android:theme
		ADDED from src\main\AndroidManifest.xml:18:13-56
	android:name
		ADDED from src\main\AndroidManifest.xml:15:13-52
intent-filter#android.intent.action.MAIN+android.intent.category.LAUNCHER
ADDED from src\main\AndroidManifest.xml:19:13-23:29
action#android.intent.action.MAIN
ADDED from src\main\AndroidManifest.xml:20:17-69
	android:name
		ADDED from src\main\AndroidManifest.xml:20:25-66
category#android.intent.category.LAUNCHER
ADDED from src\main\AndroidManifest.xml:22:17-77
	android:name
		ADDED from src\main\AndroidManifest.xml:22:27-74
activity#com.saskpolytech.cst142.ConfigureLocationsActivity
ADDED from src\main\AndroidManifest.xml:25:9-30:59
	android:screenOrientation
		ADDED from src\main\AndroidManifest.xml:28:13-49
	android:parentActivityName
		ADDED from src\main\AndroidManifest.xml:29:13-66
	android:label
		ADDED from src\main\AndroidManifest.xml:27:13-71
	android:theme
		ADDED from src\main\AndroidManifest.xml:30:13-56
	android:name
		ADDED from src\main\AndroidManifest.xml:26:13-55
activity#com.saskpolytech.cst142.NewLocationActivity
ADDED from src\main\AndroidManifest.xml:31:9-36:59
	android:screenOrientation
		ADDED from src\main\AndroidManifest.xml:34:13-49
	android:parentActivityName
		ADDED from src\main\AndroidManifest.xml:35:13-69
	android:label
		ADDED from src\main\AndroidManifest.xml:33:13-64
	android:theme
		ADDED from src\main\AndroidManifest.xml:36:13-56
	android:name
		ADDED from src\main\AndroidManifest.xml:32:13-48
activity#com.saskpolytech.cst142.EditLocationActivity
ADDED from src\main\AndroidManifest.xml:37:9-43:20
	android:screenOrientation
		ADDED from src\main\AndroidManifest.xml:40:13-49
	android:parentActivityName
		ADDED from src\main\AndroidManifest.xml:41:13-69
	android:label
		ADDED from src\main\AndroidManifest.xml:39:13-65
	android:theme
		ADDED from src\main\AndroidManifest.xml:42:13-56
	android:name
		ADDED from src\main\AndroidManifest.xml:38:13-49
uses-sdk
INJECTED from src\main\AndroidManifest.xml reason: use-sdk injection requested
INJECTED from src\main\AndroidManifest.xml
INJECTED from src\main\AndroidManifest.xml
MERGED from [com.google.android.gms:play-services:10.2.1] AndroidManifest.xml:4:5-43
MERGED from [com.google.android.gms:play-services:10.2.1] AndroidManifest.xml:4:5-43
MERGED from [com.android.support:design:26.1.0] AndroidManifest.xml:21:5-23:62
MERGED from [com.android.support:design:26.1.0] AndroidManifest.xml:21:5-23:62
MERGED from [com.google.android.gms:play-services-cast-framework:10.2.1] AndroidManifest.xml:3:5-43
MERGED from [com.google.android.gms:play-services-cast-framework:10.2.1] AndroidManifest.xml:3:5-43
MERGED from [com.google.android.gms:play-services-cast:10.2.1] AndroidManifest.xml:17:5-43
MERGED from [com.google.android.gms:play-services-cast:10.2.1] AndroidManifest.xml:17:5-43
MERGED from [com.android.support:mediarouter-v7:24.0.0] AndroidManifest.xml:20:5-43
MERGED from [com.android.support:mediarouter-v7:24.0.0] AndroidManifest.xml:20:5-43
MERGED from [com.android.support:appcompat-v7:26.1.0] AndroidManifest.xml:21:5-23:78
MERGED from [com.android.support:appcompat-v7:26.1.0] AndroidManifest.xml:21:5-23:78
MERGED from [com.android.support.constraint:constraint-layout:1.1.0] AndroidManifest.xml:5:5-7:41
MERGED from [com.android.support.constraint:constraint-layout:1.1.0] AndroidManifest.xml:5:5-7:41
MERGED from [com.google.android.gms:play-services-ads:10.2.1] AndroidManifest.xml:17:5-43
MERGED from [com.google.android.gms:play-services-ads:10.2.1] AndroidManifest.xml:17:5-43
MERGED from [com.google.android.gms:play-services-ads-lite:10.2.1] AndroidManifest.xml:22:5-43
MERGED from [com.google.android.gms:play-services-ads-lite:10.2.1] AndroidManifest.xml:22:5-43
MERGED from [com.google.android.gms:play-services-analytics:10.2.1] AndroidManifest.xml:17:5-43
MERGED from [com.google.android.gms:play-services-analytics:10.2.1] AndroidManifest.xml:17:5-43
MERGED from [com.google.android.gms:play-services-tagmanager:10.2.1] AndroidManifest.xml:17:5-43
MERGED from [com.google.android.gms:play-services-tagmanager:10.2.1] AndroidManifest.xml:17:5-43
MERGED from [com.google.android.gms:play-services-tagmanager-v4-impl:10.2.1] AndroidManifest.xml:17:5-43
MERGED from [com.google.android.gms:play-services-tagmanager-v4-impl:10.2.1] AndroidManifest.xml:17:5-43
MERGED from [com.google.android.gms:play-services-analytics-impl:10.2.1] AndroidManifest.xml:17:5-43
MERGED from [com.google.android.gms:play-services-analytics-impl:10.2.1] AndroidManifest.xml:17:5-43
MERGED from [com.google.android.gms:play-services-appinvite:10.2.1] AndroidManifest.xml:17:5-43
MERGED from [com.google.android.gms:play-services-appinvite:10.2.1] AndroidManifest.xml:17:5-43
MERGED from [com.google.android.gms:play-services-auth:10.2.1] AndroidManifest.xml:17:5-43
MERGED from [com.google.android.gms:play-services-auth:10.2.1] AndroidManifest.xml:17:5-43
MERGED from [com.google.android.gms:play-services-auth-base:10.2.1] AndroidManifest.xml:4:5-43
MERGED from [com.google.android.gms:play-services-auth-base:10.2.1] AndroidManifest.xml:4:5-43
MERGED from [com.google.android.gms:play-services-clearcut:10.2.1] AndroidManifest.xml:17:5-43
MERGED from [com.google.android.gms:play-services-clearcut:10.2.1] AndroidManifest.xml:17:5-43
MERGED from [com.google.firebase:firebase-config:10.2.1] AndroidManifest.xml:17:5-43
MERGED from [com.google.firebase:firebase-config:10.2.1] AndroidManifest.xml:17:5-43
MERGED from [com.google.android.gms:play-services-awareness:10.2.1] AndroidManifest.xml:17:5-43
MERGED from [com.google.android.gms:play-services-awareness:10.2.1] AndroidManifest.xml:17:5-43
MERGED from [com.google.android.gms:play-services-games:10.2.1] AndroidManifest.xml:17:5-43
MERGED from [com.google.android.gms:play-services-games:10.2.1] AndroidManifest.xml:17:5-43
MERGED from [com.google.android.gms:play-services-drive:10.2.1] AndroidManifest.xml:17:5-43
MERGED from [com.google.android.gms:play-services-drive:10.2.1] AndroidManifest.xml:17:5-43
MERGED from [com.google.firebase:firebase-auth:10.2.1] AndroidManifest.xml:17:5-43
MERGED from [com.google.firebase:firebase-auth:10.2.1] AndroidManifest.xml:17:5-43
MERGED from [com.google.android.gms:play-services-fitness:10.2.1] AndroidManifest.xml:17:5-43
MERGED from [com.google.android.gms:play-services-fitness:10.2.1] AndroidManifest.xml:17:5-43
MERGED from [com.google.android.gms:play-services-gcm:10.2.1] AndroidManifest.xml:17:5-43
MERGED from [com.google.android.gms:play-services-gcm:10.2.1] AndroidManifest.xml:17:5-43
MERGED from [com.google.firebase:firebase-appindexing:10.2.1] AndroidManifest.xml:17:5-43
MERGED from [com.google.firebase:firebase-appindexing:10.2.1] AndroidManifest.xml:17:5-43
MERGED from [com.google.android.gms:play-services-wallet:10.2.1] AndroidManifest.xml:18:5-43
MERGED from [com.google.android.gms:play-services-wallet:10.2.1] AndroidManifest.xml:18:5-43
MERGED from [com.google.android.gms:play-services-identity:10.2.1] AndroidManifest.xml:17:5-43
MERGED from [com.google.android.gms:play-services-identity:10.2.1] AndroidManifest.xml:17:5-43
MERGED from [com.google.android.gms:play-services-iid:10.2.1] AndroidManifest.xml:17:5-43
MERGED from [com.google.android.gms:play-services-iid:10.2.1] AndroidManifest.xml:17:5-43
MERGED from [com.google.android.gms:play-services-instantapps:10.2.1] AndroidManifest.xml:3:5-43
MERGED from [com.google.android.gms:play-services-instantapps:10.2.1] AndroidManifest.xml:3:5-43
MERGED from [com.google.android.gms:play-services-location:10.2.1] AndroidManifest.xml:3:5-43
MERGED from [com.google.android.gms:play-services-location:10.2.1] AndroidManifest.xml:3:5-43
MERGED from [com.google.android.gms:play-services-places:10.2.1] AndroidManifest.xml:17:5-43
MERGED from [com.google.android.gms:play-services-places:10.2.1] AndroidManifest.xml:17:5-43
MERGED from [com.google.android.gms:play-services-maps:10.2.1] AndroidManifest.xml:23:5-43
MERGED from [com.google.android.gms:play-services-maps:10.2.1] AndroidManifest.xml:23:5-43
MERGED from [com.google.android.gms:play-services-nearby:10.2.1] AndroidManifest.xml:3:5-43
MERGED from [com.google.android.gms:play-services-nearby:10.2.1] AndroidManifest.xml:3:5-43
MERGED from [com.google.android.gms:play-services-panorama:10.2.1] AndroidManifest.xml:17:5-43
MERGED from [com.google.android.gms:play-services-panorama:10.2.1] AndroidManifest.xml:17:5-43
MERGED from [com.google.android.gms:play-services-plus:10.2.1] AndroidManifest.xml:17:5-43
MERGED from [com.google.android.gms:play-services-plus:10.2.1] AndroidManifest.xml:17:5-43
MERGED from [com.google.android.gms:play-services-safetynet:10.2.1] AndroidManifest.xml:17:5-43
MERGED from [com.google.android.gms:play-services-safetynet:10.2.1] AndroidManifest.xml:17:5-43
MERGED from [com.google.android.gms:play-services-vision:10.2.1] AndroidManifest.xml:3:5-43
MERGED from [com.google.android.gms:play-services-vision:10.2.1] AndroidManifest.xml:3:5-43
MERGED from [com.google.android.gms:play-services-wearable:10.2.1] AndroidManifest.xml:17:5-43
MERGED from [com.google.android.gms:play-services-wearable:10.2.1] AndroidManifest.xml:17:5-43
MERGED from [com.google.android.gms:play-services-base:10.2.1] AndroidManifest.xml:17:5-43
MERGED from [com.google.android.gms:play-services-base:10.2.1] AndroidManifest.xml:17:5-43
MERGED from [com.google.firebase:firebase-crash:10.2.1] AndroidManifest.xml:20:5-43
MERGED from [com.google.firebase:firebase-crash:10.2.1] AndroidManifest.xml:20:5-43
MERGED from [com.google.firebase:firebase-database:10.2.1] AndroidManifest.xml:3:5-43
MERGED from [com.google.firebase:firebase-database:10.2.1] AndroidManifest.xml:3:5-43
MERGED from [com.google.firebase:firebase-database-connection:10.2.1] AndroidManifest.xml:3:5-43
MERGED from [com.google.firebase:firebase-database-connection:10.2.1] AndroidManifest.xml:3:5-43
MERGED from [com.google.firebase:firebase-messaging:10.2.1] AndroidManifest.xml:17:5-43
MERGED from [com.google.firebase:firebase-messaging:10.2.1] AndroidManifest.xml:17:5-43
MERGED from [com.google.android.gms:play-services-tagmanager-api:10.2.1] AndroidManifest.xml:17:5-43
MERGED from [com.google.android.gms:play-services-tagmanager-api:10.2.1] AndroidManifest.xml:17:5-43
MERGED from [com.google.firebase:firebase-analytics:10.2.1] AndroidManifest.xml:17:5-43
MERGED from [com.google.firebase:firebase-analytics:10.2.1] AndroidManifest.xml:17:5-43
MERGED from [com.google.firebase:firebase-analytics-impl:10.2.1] AndroidManifest.xml:17:5-43
MERGED from [com.google.firebase:firebase-analytics-impl:10.2.1] AndroidManifest.xml:17:5-43
MERGED from [com.google.firebase:firebase-iid:10.2.1] AndroidManifest.xml:17:5-43
MERGED from [com.google.firebase:firebase-iid:10.2.1] AndroidManifest.xml:17:5-43
MERGED from [com.google.firebase:firebase-storage:10.2.1] AndroidManifest.xml:3:5-43
MERGED from [com.google.firebase:firebase-storage:10.2.1] AndroidManifest.xml:3:5-43
MERGED from [com.google.firebase:firebase-storage-common:10.2.1] AndroidManifest.xml:3:5-43
MERGED from [com.google.firebase:firebase-storage-common:10.2.1] AndroidManifest.xml:3:5-43
MERGED from [com.google.firebase:firebase-common:10.2.1] AndroidManifest.xml:3:5-43
MERGED from [com.google.firebase:firebase-common:10.2.1] AndroidManifest.xml:3:5-43
MERGED from [com.google.android.gms:play-services-gass:10.2.1] AndroidManifest.xml:3:5-43
MERGED from [com.google.android.gms:play-services-gass:10.2.1] AndroidManifest.xml:3:5-43
MERGED from [com.google.android.gms:play-services-tasks:10.2.1] AndroidManifest.xml:3:5-43
MERGED from [com.google.android.gms:play-services-tasks:10.2.1] AndroidManifest.xml:3:5-43
MERGED from [com.google.android.gms:play-services-basement:10.2.1] AndroidManifest.xml:17:5-43